1661088667557	geckodriver	INFO	Listening on 127.0.0.1:59785
1661088670594	mozrunner::runner	INFO	Running command: "C:\\Program Files\\Mozilla Firefox\\firefox.exe" "--marionette" "--start-maximized" "--remote-debugging-port" "59786" "--remote-allow-hosts" "localhost" "-no-remote" "-profile" "C:\\Users\\gueri\\AppData\\Local\\Temp\\rust_mozprofileH2EVy5"
1661088671014	Marionette	INFO	Marionette enabled
WebDriver BiDi listening on ws://localhost:59786
console.warn: SearchSettings: "get: No settings file exists, new profile?" (new NotFoundError("Could not open the file at C:\\Users\\gueri\\AppData\\Local\\Temp\\rust_mozprofileH2EVy5\\search.json.mozlz4", (void 0)))
1661088672927	Marionette	INFO	Listening on port 59843
DevTools listening on ws://localhost:59786/devtools/browser/669571b9-f2a2-41c2-ad66-ea0cbcf07b5a
Read port: 59843
1661088673005	RemoteAgent	WARN	TLS certificate errors will be ignored for this session
JavaScript error: https://cdn.ad.plus/player/adplus.js, line 400: TypeError: e(...).setup is not a function
JavaScript warning: https://pagead2.googlesyndication.com/bg/oORtDv9EbGDZJqtoCU6ZUa1h2CU5mRmZpTeRJMx0_5U.js line 2 > eval line 2545 > eval line 1 > eval line 1 > eval, line 1: WEBGL_debug_renderer_info is deprecated in Firefox and will be removed. Please use RENDERER.
1661088680743	Marionette	INFO	Stopped listening on port 59843
[Parent 17656, IPC I/O Parent] WARNING: file /builds/worker/checkouts/gecko/ipc/chromium/src/base/process_util_win.cc:167

###!!! [Parent][PGPUParent] Error: RunMessage(msgname=PGPU::Msg_ShutdownVR) Channel closing: too late to send/recv, messages will be lost

1661089886702	geckodriver	INFO	Listening on 127.0.0.1:62997
1661089889751	mozrunner::runner	INFO	Running command: "C:\\Program Files\\Mozilla Firefox\\firefox.exe" "--marionette" "--start-maximized" "--remote-debugging-port" "62998" "--remote-allow-hosts" "localhost" "-no-remote" "-profile" "C:\\Users\\gueri\\AppData\\Local\\Temp\\rust_mozprofilejisOat"
1661089890053	Marionette	INFO	Marionette enabled
WebDriver BiDi listening on ws://localhost:62998
console.warn: SearchSettings: "get: No settings file exists, new profile?" (new NotFoundError("Could not open the file at C:\\Users\\gueri\\AppData\\Local\\Temp\\rust_mozprofilejisOat\\search.json.mozlz4", (void 0)))
1661089891934	Marionette	INFO	Listening on port 63060
DevTools listening on ws://localhost:62998/devtools/browser/5dc67d62-c749-4d77-9d01-8c38a94b5ca5
Read port: 63060
1661089892056	RemoteAgent	WARN	TLS certificate errors will be ignored for this session
JavaScript error: https://cdn.ad.plus/player/adplus.js, line 400: TypeError: e(...).setup is not a function
JavaScript warning: https://pagead2.googlesyndication.com/bg/oORtDv9EbGDZJqtoCU6ZUa1h2CU5mRmZpTeRJMx0_5U.js line 2 > eval line 19 > eval line 1 > eval line 1 > eval, line 1: WEBGL_debug_renderer_info is deprecated in Firefox and will be removed. Please use RENDERER.
JavaScript warning: https://pagead2.googlesyndication.com/bg/oORtDv9EbGDZJqtoCU6ZUa1h2CU5mRmZpTeRJMx0_5U.js line 2 > eval line 6614 > eval line 1 > eval line 1 > eval, line 1: WEBGL_debug_renderer_info is deprecated in Firefox and will be removed. Please use RENDERER.
JavaScript warning: https://pagead2.googlesyndication.com/bg/oORtDv9EbGDZJqtoCU6ZUa1h2CU5mRmZpTeRJMx0_5U.js line 2 > eval line 4204 > eval line 1 > eval line 1 > eval, line 1: WEBGL_debug_renderer_info is deprecated in Firefox and will be removed. Please use RENDERER.
1661089899954	Marionette	INFO	Stopped listening on port 63060

###!!! [Parent][PContentParent] Error: Send(msgname=PContent::Reply_DiscardBrowsingContext) Closed channel: cannot send/recv


###!!! [Parent][PContentParent] Error: Send(msgname=PContent::Reply_DiscardBrowsingContext) Closed channel: cannot send/recv


###!!! [Parent][PContentParent] Error: Send(msgname=PContent::Reply_DiscardBrowsingContext) Closed channel: cannot send/recv


###!!! [Parent][PContentParent] Error: Send(msgname=PContent::Reply_DiscardBrowsingContext) Closed channel: cannot send/recv


###!!! [Parent][PContentParent] Error: Send(msgname=PContent::Reply_DiscardBrowsingContext) Closed channel: cannot send/recv

JavaScript error: , line 0: TypeError: NetworkError when attempting to fetch resource.

###!!! [Parent][PContentParent] Error: Send(msgname=PContent::Reply_DiscardBrowsingContext) Closed channel: cannot send/recv


###!!! [Parent][PContentParent] Error: Send(msgname=PContent::Reply_DiscardBrowsingContext) Closed channel: cannot send/recv

JavaScript error: , line 0: TypeError: NetworkError when attempting to fetch resource.

###!!! [Parent][PContentParent] Error: Send(msgname=PContent::Reply_DiscardBrowsingContext) Closed channel: cannot send/recv


###!!! [Parent][PContentParent] Error: Send(msgname=PContent::Reply_DiscardBrowsingContext) Closed channel: cannot send/recv


###!!! [Child][PContentChild] Error: RunMessage(msgname=PHttpChannel::Msg_DeleteSelf) Channel closing: too late to send/recv, messages will be lost


###!!! [Parent][PContentParent] Error: Send(msgname=PContent::Reply_DiscardBrowsingContext) Closed channel: cannot send/recv


###!!! [Child][PContentChild] Error: RunMessage(msgname=PHttpChannel::Msg_DeleteSelf) Channel closing: too late to send/recv, messages will be lost


###!!! [Parent][PContentParent] Error: Send(msgname=PContent::Reply_DiscardBrowsingContext) Closed channel: cannot send/recv


###!!! [Parent][PContentParent] Error: Send(msgname=PContent::Reply_DiscardBrowsingContext) Closed channel: cannot send/recv


###!!! [Parent][PContentParent] Error: Send(msgname=PContent::Msg_DestroyBrowsingContextGroup) Closed channel: cannot send/recv

JavaScript error: resource://gre/modules/Sqlite.jsm, line 1105: Error: Sqlite.jsm has been shutdown. Cannot open connection to: C:\Users\gueri\AppData\Local\Temp\rust_mozprofilejisOat\protections.sqlite
1661090246780	geckodriver	INFO	Listening on 127.0.0.1:63819
1661090249833	mozrunner::runner	INFO	Running command: "C:\\Program Files\\Mozilla Firefox\\firefox.exe" "--marionette" "--start-maximized" "--remote-debugging-port" "63820" "--remote-allow-hosts" "localhost" "-no-remote" "-profile" "C:\\Users\\gueri\\AppData\\Local\\Temp\\rust_mozprofilexAVyu0"
1661090250132	Marionette	INFO	Marionette enabled
WebDriver BiDi listening on ws://localhost:63820
console.warn: SearchSettings: "get: No settings file exists, new profile?" (new NotFoundError("Could not open the file at C:\\Users\\gueri\\AppData\\Local\\Temp\\rust_mozprofilexAVyu0\\search.json.mozlz4", (void 0)))
1661090251896	Marionette	INFO	Listening on port 63880
Read port: 63880
1661090251920	RemoteAgent	WARN	TLS certificate errors will be ignored for this session
DevTools listening on ws://localhost:63820/devtools/browser/bffc41dc-e788-49d9-ae1b-e51378542ef9
JavaScript warning: https://pagead2.googlesyndication.com/bg/oORtDv9EbGDZJqtoCU6ZUa1h2CU5mRmZpTeRJMx0_5U.js line 2 > eval line 7552 > eval line 1 > eval line 1 > eval, line 1: WEBGL_debug_renderer_info is deprecated in Firefox and will be removed. Please use RENDERER.
JavaScript error: https://cdn.ad.plus/player/adplus.js, line 400: TypeError: e(...).setup is not a function
JavaScript warning: https://pagead2.googlesyndication.com/bg/oORtDv9EbGDZJqtoCU6ZUa1h2CU5mRmZpTeRJMx0_5U.js line 2 > eval line 5683 > eval line 1 > eval line 1 > eval, line 1: WEBGL_debug_renderer_info is deprecated in Firefox and will be removed. Please use RENDERER.
JavaScript warning: https://pagead2.googlesyndication.com/bg/oORtDv9EbGDZJqtoCU6ZUa1h2CU5mRmZpTeRJMx0_5U.js line 2 > eval line 1395 > eval line 1 > eval line 1 > eval, line 1: WEBGL_debug_renderer_info is deprecated in Firefox and will be removed. Please use RENDERER.
1661090260421	Marionette	INFO	Stopped listening on port 63880
JavaScript error: , line 0: TypeError: NetworkError when attempting to fetch resource.
JavaScript error: , line 0: TypeError: NetworkError when attempting to fetch resource.
console.warn: TopSitesFeed: Failed to fetch data from Contile server: NetworkError when attempting to fetch resource.

###!!! [Parent][PGPUParent] Error: RunMessage(msgname=PGPU::Msg_ShutdownVR) Channel closing: too late to send/recv, messages will be lost

1661090383720	geckodriver	INFO	Listening on 127.0.0.1:64494
1661090386757	mozrunner::runner	INFO	Running command: "C:\\Program Files\\Mozilla Firefox\\firefox.exe" "--marionette" "--remote-debugging-port" "64495" "--remote-allow-hosts" "localhost" "-no-remote" "-profile" "C:\\Users\\gueri\\AppData\\Local\\Temp\\rust_mozprofileqaisQr"
1661090387110	Marionette	INFO	Marionette enabled
WebDriver BiDi listening on ws://localhost:64495
console.warn: SearchSettings: "get: No settings file exists, new profile?" (new NotFoundError("Could not open the file at C:\\Users\\gueri\\AppData\\Local\\Temp\\rust_mozprofileqaisQr\\search.json.mozlz4", (void 0)))
1661090389285	Marionette	INFO	Listening on port 64560
DevTools listening on ws://localhost:64495/devtools/browser/c302a83f-60c6-4c0e-80c2-67307bd515b7
Read port: 64560
1661090389346	RemoteAgent	WARN	TLS certificate errors will be ignored for this session
JavaScript error: https://cdn.ad.plus/player/adplus.js, line 400: TypeError: e(...).setup is not a function
JavaScript warning: https://pagead2.googlesyndication.com/bg/oORtDv9EbGDZJqtoCU6ZUa1h2CU5mRmZpTeRJMx0_5U.js line 2 > eval line 2669 > eval line 1 > eval line 1 > eval, line 1: WEBGL_debug_renderer_info is deprecated in Firefox and will be removed. Please use RENDERER.
1661090398205	Marionette	INFO	Stopped listening on port 64560
[Parent 8400, IPC I/O Parent] WARNING: file /builds/worker/checkouts/gecko/ipc/chromium/src/base/process_util_win.cc:167
JavaScript error: , line 0: TypeError: NetworkError when attempting to fetch resource.
1661090490449	geckodriver	INFO	Listening on 127.0.0.1:65147
1661090493497	mozrunner::runner	INFO	Running command: "C:\\Program Files\\Mozilla Firefox\\firefox.exe" "--marionette" "--remote-debugging-port" "65148" "--remote-allow-hosts" "localhost" "-no-remote" "-profile" "C:\\Users\\gueri\\AppData\\Local\\Temp\\rust_mozprofile2hb4zn"
1661090493840	Marionette	INFO	Marionette enabled
WebDriver BiDi listening on ws://localhost:65148
console.warn: SearchSettings: "get: No settings file exists, new profile?" (new NotFoundError("Could not open the file at C:\\Users\\gueri\\AppData\\Local\\Temp\\rust_mozprofile2hb4zn\\search.json.mozlz4", (void 0)))
1661090496103	Marionette	INFO	Listening on port 65192
DevTools listening on ws://localhost:65148/devtools/browser/760a8f00-5323-4b70-b2d3-fbf6535eb557
Read port: 65192
1661090496224	RemoteAgent	WARN	TLS certificate errors will be ignored for this session
JavaScript warning: https://pagead2.googlesyndication.com/bg/oORtDv9EbGDZJqtoCU6ZUa1h2CU5mRmZpTeRJMx0_5U.js line 2 > eval line 2062 > eval line 1 > eval line 1 > eval, line 1: WEBGL_debug_renderer_info is deprecated in Firefox and will be removed. Please use RENDERER.
JavaScript error: https://cdn.ad.plus/player/adplus.js, line 400: TypeError: e(...).setup is not a function
JavaScript warning: https://pagead2.googlesyndication.com/bg/oORtDv9EbGDZJqtoCU6ZUa1h2CU5mRmZpTeRJMx0_5U.js line 2 > eval line 5268 > eval line 1 > eval line 1 > eval, line 1: WEBGL_debug_renderer_info is deprecated in Firefox and will be removed. Please use RENDERER.
1661090503824	Marionette	INFO	Stopped listening on port 65192
[Parent 14768, IPC I/O Parent] WARNING: file /builds/worker/checkouts/gecko/ipc/chromium/src/base/process_util_win.cc:167
JavaScript error: , line 0: TypeError: NetworkError when attempting to fetch resource.
[Parent 14768, IPC I/O Parent] WARNING: file /builds/worker/checkouts/gecko/ipc/chromium/src/base/process_util_win.cc:167

###!!! [Parent][PGPUParent] Error: RunMessage(msgname=PGPU::Msg_ShutdownVR) Channel closing: too late to send/recv, messages will be lost

